<?xml version="1.0" encoding="UTF-8"?>
<!-- Generated by org.testng.reporters.JUnitReportReporter -->
<testsuite hostname="MCKL-7604-T" failures="0" tests="1" name="testSuite.TC_TriggerSearch_002" time="0.000" errors="0" timestamp="2023-05-04T15:58:37 IST" skipped="1">
  <testcase classname="testSuite.TC_TriggerSearch_002" name="testTriggerSearch" time="0.000">
    <skipped/>
  </testcase> <!-- testTriggerSearch -->
  <system-out/>
</testsuite> <!-- testSuite.TC_TriggerSearch_002 -->
